<?xml version="1.0" encoding="UTF-8"?>
<!-- Generated by org.testng.reporters.JUnitXMLReporter -->
<testsuite ignored="0" hostname="QSP" failures="0" tests="4" name="Default test" time="0.214" errors="0" timestamp="2022-01-30T10:09:50 IST">
  <testcase classname="sample.Test3" name="tc4" time="0.029"/>
  <testcase classname="sample.Test2" name="tc3" time="0.003"/>
  <testcase classname="sample.Test1" name="tc2" time="0.007"/>
  <testcase classname="sample.Test0" name="tc1" time="0.002"/>
</testsuite> <!-- Default test -->
