<?xml version="1.0" encoding="UTF-8"?>
<!-- Generated by org.testng.reporters.JUnitXMLReporter -->
<testsuite ignored="0" hostname="QSP" failures="0" tests="4" name="Test" time="0.191" errors="0" timestamp="2022-01-30T10:08:57 IST">
  <testcase classname="sample.Test3" name="tc4" time="0.031"/>
  <testcase classname="sample.Test2" name="tc3" time="0.002"/>
  <testcase classname="sample.Test1" name="tc2" time="0.002"/>
  <testcase classname="sample.Test0" name="tc1" time="0.003"/>
</testsuite> <!-- Test -->
