<?xml version="1.0" encoding="UTF-8"?>
<!-- Generated by org.testng.reporters.JUnitXMLReporter -->
<testsuite ignored="2" hostname="QSP" failures="0" tests="2" name="Test" time="0.106" errors="0" timestamp="2022-03-05T09:51:38 IST">
  <testcase classname="testNg.Demo" name="createCustomer" time="0.007"/>
  <testcase classname="testNg.Demo" name="deleteCustomer" time="0.006"/>
  <testcase classname="testNg.Demo" name="deleteProject" time="0.0">
    <ignored/>
  </testcase> <!-- deleteProject -->
  <testcase classname="testNg.Demo" name="createProject" time="0.0">
    <ignored/>
  </testcase> <!-- createProject -->
</testsuite> <!-- Test -->
