<?xml version="1.0" encoding="UTF-8"?>
<testng-results ignored="0" total="1" passed="1" failed="0" skipped="0">
  <reporter-output>
  </reporter-output>
  <suite started-at="2022-02-26T10:16:29 IST" name="Suite" finished-at="2022-02-26T10:16:37 IST" duration-ms="8755">
    <groups>
    </groups>
    <test started-at="2022-02-26T10:16:29 IST" name="Test" finished-at="2022-02-26T10:16:37 IST" duration-ms="8755">
      <class name="dataDriven.Test0">
        <test-method signature="createUser(org.testng.xml.XmlTest)[pri:0, instance:dataDriven.Test0@55740540]" started-at="2022-02-26T10:16:29 IST" name="createUser" finished-at="2022-02-26T10:16:37 IST" duration-ms="8683" status="PASS">
          <params>
            <param index="0">
              <value>
                <![CDATA[org.testng.xml.XmlTest@4db08c2]]>
              </value>
            </param>
          </params>
          <reporter-output>
          </reporter-output>
        </test-method> <!-- createUser -->
      </class> <!-- dataDriven.Test0 -->
    </test> <!-- Test -->
  </suite> <!-- Suite -->
</testng-results>
