<?xml version="1.0" encoding="UTF-8"?>
<testng-results ignored="0" total="4" passed="4" failed="0" skipped="0">
  <reporter-output>
    <line>
      <![CDATA[hello Python selenium]]>
    </line>
    <line>
      <![CDATA[hello Python]]>
    </line>
    <line>
      <![CDATA[hello Selenium]]>
    </line>
    <line>
      <![CDATA[hello java]]>
    </line>
  </reporter-output>
  <suite started-at="2022-01-30T10:09:50 IST" name="Default suite" finished-at="2022-01-30T10:09:50 IST" duration-ms="214">
    <groups>
    </groups>
    <test started-at="2022-01-30T10:09:50 IST" name="Default test" finished-at="2022-01-30T10:09:50 IST" duration-ms="214">
      <class name="sample.Test3">
        <test-method signature="tc4()[pri:0, instance:sample.Test3@ba54932]" started-at="2022-01-30T10:09:50 IST" name="tc4" finished-at="2022-01-30T10:09:50 IST" duration-ms="29" status="PASS">
          <reporter-output>
            <line>
              <![CDATA[hello Python selenium]]>
            </line>
          </reporter-output>
        </test-method> <!-- tc4 -->
      </class> <!-- sample.Test3 -->
      <class name="sample.Test2">
        <test-method signature="tc3()[pri:0, instance:sample.Test2@28975c28]" started-at="2022-01-30T10:09:50 IST" name="tc3" finished-at="2022-01-30T10:09:50 IST" duration-ms="3" status="PASS">
          <reporter-output>
            <line>
              <![CDATA[hello Python]]>
            </line>
          </reporter-output>
        </test-method> <!-- tc3 -->
      </class> <!-- sample.Test2 -->
      <class name="sample.Test1">
        <test-method signature="tc2()[pri:0, instance:sample.Test1@3943a2be]" started-at="2022-01-30T10:09:50 IST" name="tc2" finished-at="2022-01-30T10:09:50 IST" duration-ms="7" status="PASS">
          <reporter-output>
            <line>
              <![CDATA[hello Selenium]]>
            </line>
          </reporter-output>
        </test-method> <!-- tc2 -->
      </class> <!-- sample.Test1 -->
      <class name="sample.Test0">
        <test-method signature="tc1()[pri:0, instance:sample.Test0@343570b7]" started-at="2022-01-30T10:09:50 IST" name="tc1" finished-at="2022-01-30T10:09:50 IST" duration-ms="2" status="PASS">
          <reporter-output>
            <line>
              <![CDATA[hello java]]>
            </line>
          </reporter-output>
        </test-method> <!-- tc1 -->
      </class> <!-- sample.Test0 -->
    </test> <!-- Default test -->
  </suite> <!-- Default suite -->
</testng-results>
